2022-10-18 14:25:58,440 - INFO - * Training epoch 1:
2022-10-18 14:26:22,291 - INFO - -> Training time: 23.8508s, loss = 1.3264
2022-10-18 14:26:23,454 - INFO -               precision    recall  f1-score   support

          公司       0.00      0.00      0.00         7
          工程       0.00      0.00      0.00        11
          图名       0.56      0.69      0.62        13
          姓名       0.26      0.85      0.40        13
          签名       1.00      0.93      0.96        14
          属性       0.68      0.49      0.57        35
          图号       1.00      0.80      0.89        15

    accuracy                           0.57       108
   macro avg       0.50      0.54      0.49       108
weighted avg       0.59      0.57      0.55       108

2022-10-18 14:26:23,454 - INFO - -> Valid time: 1.1630s, loss = 1.1432, accuracy: 57.4074%
2022-10-18 14:26:29,997 - INFO - saved the best model in epoch 1.
2022-10-18 14:26:29,997 - INFO - * Training epoch 2:
2022-10-18 14:26:50,494 - INFO - -> Training time: 20.4974s, loss = 0.9101
2022-10-18 14:26:51,639 - INFO -               precision    recall  f1-score   support

          公司       0.70      1.00      0.82         7
          工程       0.78      0.64      0.70        11
          图名       0.69      0.69      0.69        13
          姓名       0.00      0.00      0.00        13
          签名       1.00      0.93      0.96        14
          属性       0.73      1.00      0.84        35
          图号       1.00      1.00      1.00        15

    accuracy                           0.80       108
   macro avg       0.70      0.75      0.72       108
weighted avg       0.71      0.80      0.75       108

2022-10-18 14:26:51,639 - INFO - -> Valid time: 1.1450s, loss = 0.6083, accuracy: 79.6296%
2022-10-18 14:26:58,197 - INFO - saved the best model in epoch 2.
2022-10-18 14:26:58,197 - INFO - * Training epoch 3:
2022-10-18 14:27:18,631 - INFO - -> Training time: 20.4338s, loss = 0.6206
2022-10-18 14:27:19,791 - INFO -               precision    recall  f1-score   support

          公司       0.88      1.00      0.93         7
          工程       0.91      0.91      0.91        11
          图名       0.90      0.69      0.78        13
          姓名       0.00      0.00      0.00        13
          签名       1.00      0.93      0.96        14
          属性       0.69      1.00      0.81        35
          图号       1.00      1.00      1.00        15

    accuracy                           0.82       108
   macro avg       0.77      0.79      0.77       108
weighted avg       0.75      0.82      0.77       108

2022-10-18 14:27:19,791 - INFO - -> Valid time: 1.1579s, loss = 0.5599, accuracy: 82.4074%
2022-10-18 14:27:26,236 - INFO - saved the best model in epoch 3.
2022-10-18 14:27:26,236 - INFO - * Training epoch 4:
2022-10-18 14:27:46,897 - INFO - -> Training time: 20.6527s, loss = 0.3068
2022-10-18 14:27:48,104 - INFO -               precision    recall  f1-score   support

          公司       0.70      1.00      0.82         7
          工程       0.85      1.00      0.92        11
          图名       0.90      0.69      0.78        13
          姓名       0.82      0.69      0.75        13
          签名       1.00      0.71      0.83        14
          属性       0.90      1.00      0.95        35
          图号       1.00      1.00      1.00        15

    accuracy                           0.89       108
   macro avg       0.88      0.87      0.86       108
weighted avg       0.90      0.89      0.88       108

2022-10-18 14:27:48,118 - INFO - -> Valid time: 1.2207s, loss = 0.3574, accuracy: 88.8889%
2022-10-18 14:27:54,485 - INFO - saved the best model in epoch 4.
2022-10-18 14:27:54,485 - INFO - * Training epoch 5:
2022-10-18 14:28:15,541 - INFO - -> Training time: 21.0566s, loss = 0.1745
2022-10-18 14:28:16,662 - INFO -               precision    recall  f1-score   support

          公司       0.88      1.00      0.93         7
          工程       0.85      1.00      0.92        11
          图名       1.00      0.77      0.87        13
          姓名       1.00      0.31      0.47        13
          签名       1.00      0.86      0.92        14
          属性       0.74      1.00      0.85        35
          图号       1.00      0.93      0.97        15

    accuracy                           0.86       108
   macro avg       0.92      0.84      0.85       108
weighted avg       0.89      0.86      0.85       108

2022-10-18 14:28:16,662 - INFO - -> Valid time: 1.1213s, loss = 0.4325, accuracy: 86.1111%
2022-10-18 14:28:16,662 - INFO - * Training epoch 6:
2022-10-18 14:28:37,175 - INFO - -> Training time: 20.5118s, loss = 0.1493
2022-10-18 14:28:38,403 - INFO -               precision    recall  f1-score   support

          公司       0.78      1.00      0.88         7
          工程       1.00      1.00      1.00        11
          图名       0.92      0.85      0.88        13
          姓名       1.00      0.85      0.92        13
          签名       1.00      0.93      0.96        14
          属性       0.95      1.00      0.97        35
          图号       1.00      1.00      1.00        15

    accuracy                           0.95       108
   macro avg       0.95      0.95      0.94       108
weighted avg       0.96      0.95      0.95       108

2022-10-18 14:28:38,419 - INFO - -> Valid time: 1.2437s, loss = 0.1941, accuracy: 95.3704%
2022-10-18 14:28:44,770 - INFO - saved the best model in epoch 6.
2022-10-18 14:28:44,770 - INFO - * Training epoch 7:
2022-10-18 14:29:05,224 - INFO - -> Training time: 20.4379s, loss = 0.1027
2022-10-18 14:29:06,393 - INFO -               precision    recall  f1-score   support

          公司       0.78      1.00      0.88         7
          工程       1.00      1.00      1.00        11
          图名       0.91      0.77      0.83        13
          姓名       0.92      0.92      0.92        13
          签名       1.00      0.93      0.96        14
          属性       0.97      1.00      0.99        35
          图号       1.00      1.00      1.00        15

    accuracy                           0.95       108
   macro avg       0.94      0.95      0.94       108
weighted avg       0.96      0.95      0.95       108

2022-10-18 14:29:06,395 - INFO - -> Valid time: 1.1710s, loss = 0.1108, accuracy: 95.3704%
2022-10-18 14:29:12,829 - INFO - saved the best model in epoch 7.
2022-10-18 14:29:12,829 - INFO - * Training epoch 8:
2022-10-18 14:29:33,329 - INFO - -> Training time: 20.4999s, loss = 0.0504
2022-10-18 14:29:34,506 - INFO -               precision    recall  f1-score   support

          公司       0.78      1.00      0.88         7
          工程       1.00      1.00      1.00        11
          图名       0.92      0.85      0.88        13
          姓名       1.00      0.85      0.92        13
          签名       1.00      1.00      1.00        14
          属性       0.95      1.00      0.97        35
          图号       1.00      0.93      0.97        15

    accuracy                           0.95       108
   macro avg       0.95      0.95      0.94       108
weighted avg       0.96      0.95      0.95       108

2022-10-18 14:29:34,511 - INFO - -> Valid time: 1.1821s, loss = 0.1240, accuracy: 95.3704%
2022-10-18 14:29:41,340 - INFO - saved the best model in epoch 8.
2022-10-18 14:29:41,340 - INFO - * Training epoch 9:
2022-10-18 14:30:02,535 - INFO - -> Training time: 21.1952s, loss = 0.0159
2022-10-18 14:30:03,801 - INFO -               precision    recall  f1-score   support

          公司       0.78      1.00      0.88         7
          工程       1.00      1.00      1.00        11
          图名       1.00      0.85      0.92        13
          姓名       1.00      0.92      0.96        13
          签名       1.00      1.00      1.00        14
          属性       0.95      1.00      0.97        35
          图号       1.00      0.93      0.97        15

    accuracy                           0.96       108
   macro avg       0.96      0.96      0.96       108
weighted avg       0.97      0.96      0.96       108

2022-10-18 14:30:03,801 - INFO - -> Valid time: 1.2652s, loss = 0.0975, accuracy: 96.2963%
2022-10-18 14:30:10,382 - INFO - saved the best model in epoch 9.
2022-10-18 14:30:10,382 - INFO - * Training epoch 10:
2022-10-18 14:30:31,491 - INFO - -> Training time: 21.1093s, loss = 0.0087
2022-10-18 14:30:32,633 - INFO -               precision    recall  f1-score   support

          公司       0.78      1.00      0.88         7
          工程       1.00      1.00      1.00        11
          图名       0.92      0.85      0.88        13
          姓名       1.00      1.00      1.00        13
          签名       1.00      1.00      1.00        14
          属性       1.00      1.00      1.00        35
          图号       1.00      0.93      0.97        15

    accuracy                           0.97       108
   macro avg       0.96      0.97      0.96       108
weighted avg       0.98      0.97      0.97       108

2022-10-18 14:30:32,633 - INFO - -> Valid time: 1.1416s, loss = 0.0959, accuracy: 97.2222%
2022-10-18 14:30:39,060 - INFO - saved the best model in epoch 10.
2022-10-18 14:30:39,060 - INFO - * Training epoch 11:
2022-10-18 14:31:00,039 - INFO - -> Training time: 20.9779s, loss = 0.0040
2022-10-18 14:31:01,283 - INFO -               precision    recall  f1-score   support

          公司       0.78      1.00      0.88         7
          工程       1.00      1.00      1.00        11
          图名       0.92      0.85      0.88        13
          姓名       1.00      0.92      0.96        13
          签名       1.00      1.00      1.00        14
          属性       0.97      1.00      0.99        35
          图号       1.00      0.93      0.97        15

    accuracy                           0.96       108
   macro avg       0.95      0.96      0.95       108
weighted avg       0.97      0.96      0.96       108

2022-10-18 14:31:01,283 - INFO - -> Valid time: 1.2429s, loss = 0.1015, accuracy: 96.2963%
2022-10-18 14:31:01,283 - INFO - * Training epoch 12:
2022-10-18 14:31:21,460 - INFO - -> Training time: 20.1744s, loss = 0.0012
2022-10-18 14:31:22,675 - INFO -               precision    recall  f1-score   support

          公司       0.78      1.00      0.88         7
          工程       1.00      1.00      1.00        11
          图名       0.85      0.85      0.85        13
          姓名       1.00      0.92      0.96        13
          签名       1.00      0.93      0.96        14
          属性       0.97      1.00      0.99        35
          图号       1.00      0.93      0.97        15

    accuracy                           0.95       108
   macro avg       0.94      0.95      0.94       108
weighted avg       0.96      0.95      0.95       108

2022-10-18 14:31:22,675 - INFO - -> Valid time: 1.2146s, loss = 0.1306, accuracy: 95.3704%
2022-10-18 14:31:22,675 - INFO - * Training epoch 13:
2022-10-18 14:31:43,289 - INFO - -> Training time: 20.6101s, loss = 0.0009
2022-10-18 14:31:44,558 - INFO -               precision    recall  f1-score   support

          公司       0.78      1.00      0.88         7
          工程       1.00      1.00      1.00        11
          图名       0.92      0.85      0.88        13
          姓名       1.00      0.92      0.96        13
          签名       1.00      1.00      1.00        14
          属性       0.97      1.00      0.99        35
          图号       1.00      0.93      0.97        15

    accuracy                           0.96       108
   macro avg       0.95      0.96      0.95       108
weighted avg       0.97      0.96      0.96       108

2022-10-18 14:31:44,568 - INFO - -> Valid time: 1.2786s, loss = 0.1215, accuracy: 96.2963%
2022-10-18 14:31:44,568 - INFO - * Training epoch 14:
2022-10-18 14:32:05,274 - INFO - -> Training time: 20.7066s, loss = 0.0008
2022-10-18 14:32:06,503 - INFO -               precision    recall  f1-score   support

          公司       0.88      1.00      0.93         7
          工程       1.00      1.00      1.00        11
          图名       0.92      0.92      0.92        13
          姓名       1.00      0.92      0.96        13
          签名       1.00      1.00      1.00        14
          属性       0.97      1.00      0.99        35
          图号       1.00      0.93      0.97        15

    accuracy                           0.97       108
   macro avg       0.97      0.97      0.97       108
weighted avg       0.97      0.97      0.97       108

2022-10-18 14:32:06,513 - INFO - -> Valid time: 1.2358s, loss = 0.1041, accuracy: 97.2222%
2022-10-18 14:32:13,105 - INFO - saved the best model in epoch 14.
2022-10-18 14:32:13,119 - INFO - * Training epoch 15:
2022-10-18 14:32:33,890 - INFO - -> Training time: 20.7704s, loss = 0.0005
2022-10-18 14:32:35,345 - INFO -               precision    recall  f1-score   support

          公司       0.78      1.00      0.88         7
          工程       1.00      1.00      1.00        11
          图名       0.92      0.85      0.88        13
          姓名       1.00      0.92      0.96        13
          签名       1.00      1.00      1.00        14
          属性       0.97      1.00      0.99        35
          图号       1.00      0.93      0.97        15

    accuracy                           0.96       108
   macro avg       0.95      0.96      0.95       108
weighted avg       0.97      0.96      0.96       108

2022-10-18 14:32:35,345 - INFO - -> Valid time: 1.4548s, loss = 0.1066, accuracy: 96.2963%
2022-10-18 14:32:35,345 - INFO - * Training epoch 16:
2022-10-18 14:32:55,746 - INFO - -> Training time: 20.3720s, loss = 0.0006
2022-10-18 14:32:56,990 - INFO -               precision    recall  f1-score   support

          公司       0.88      1.00      0.93         7
          工程       1.00      1.00      1.00        11
          图名       0.92      0.92      0.92        13
          姓名       1.00      0.92      0.96        13
          签名       1.00      1.00      1.00        14
          属性       0.97      1.00      0.99        35
          图号       1.00      0.93      0.97        15

    accuracy                           0.97       108
   macro avg       0.97      0.97      0.97       108
weighted avg       0.97      0.97      0.97       108

2022-10-18 14:32:56,993 - INFO - -> Valid time: 1.2472s, loss = 0.0957, accuracy: 97.2222%
2022-10-18 14:33:03,330 - INFO - saved the best model in epoch 16.
2022-10-18 14:33:03,330 - INFO - * Training epoch 17:
2022-10-18 14:33:24,004 - INFO - -> Training time: 20.6736s, loss = 0.0005
2022-10-18 14:33:25,246 - INFO -               precision    recall  f1-score   support

          公司       0.78      1.00      0.88         7
          工程       1.00      1.00      1.00        11
          图名       0.92      0.85      0.88        13
          姓名       1.00      0.92      0.96        13
          签名       1.00      1.00      1.00        14
          属性       0.97      1.00      0.99        35
          图号       1.00      0.93      0.97        15

    accuracy                           0.96       108
   macro avg       0.95      0.96      0.95       108
weighted avg       0.97      0.96      0.96       108

2022-10-18 14:33:25,246 - INFO - -> Valid time: 1.2418s, loss = 0.0985, accuracy: 96.2963%
2022-10-18 14:33:25,246 - INFO - * Training epoch 18:
2022-10-18 14:33:45,696 - INFO - -> Training time: 20.4501s, loss = 0.0004
2022-10-18 14:33:46,781 - INFO -               precision    recall  f1-score   support

          公司       0.78      1.00      0.88         7
          工程       1.00      1.00      1.00        11
          图名       0.92      0.85      0.88        13
          姓名       1.00      0.92      0.96        13
          签名       1.00      1.00      1.00        14
          属性       0.97      1.00      0.99        35
          图号       1.00      0.93      0.97        15

    accuracy                           0.96       108
   macro avg       0.95      0.96      0.95       108
weighted avg       0.97      0.96      0.96       108

2022-10-18 14:33:46,784 - INFO - -> Valid time: 1.0884s, loss = 0.1010, accuracy: 96.2963%
2022-10-18 14:33:46,785 - INFO - * Training epoch 19:
2022-10-18 14:34:07,522 - INFO - -> Training time: 20.7373s, loss = 0.0004
2022-10-18 14:34:08,787 - INFO -               precision    recall  f1-score   support

          公司       0.78      1.00      0.88         7
          工程       1.00      1.00      1.00        11
          图名       0.92      0.85      0.88        13
          姓名       1.00      0.92      0.96        13
          签名       1.00      1.00      1.00        14
          属性       0.97      1.00      0.99        35
          图号       1.00      0.93      0.97        15

    accuracy                           0.96       108
   macro avg       0.95      0.96      0.95       108
weighted avg       0.97      0.96      0.96       108

2022-10-18 14:34:08,787 - INFO - -> Valid time: 1.2647s, loss = 0.1042, accuracy: 96.2963%
2022-10-18 14:34:08,787 - INFO - * Training epoch 20:
2022-10-18 14:34:29,500 - INFO - -> Training time: 20.7136s, loss = 0.0004
2022-10-18 14:34:30,866 - INFO -               precision    recall  f1-score   support

          公司       0.78      1.00      0.88         7
          工程       1.00      1.00      1.00        11
          图名       0.92      0.85      0.88        13
          姓名       1.00      0.92      0.96        13
          签名       1.00      1.00      1.00        14
          属性       0.97      1.00      0.99        35
          图号       1.00      0.93      0.97        15

    accuracy                           0.96       108
   macro avg       0.95      0.96      0.95       108
weighted avg       0.97      0.96      0.96       108

2022-10-18 14:34:30,866 - INFO - -> Valid time: 1.3659s, loss = 0.1044, accuracy: 96.2963%
